TN:
SF:/Users/zurda/Documents/_FAC-15/week-08/SSKM/db/db_build.js
FNF:0
FNH:0
DA:1,1
DA:2,1
DA:4,1
DA:6,3
DA:7,1
DA:9,1
LF:6
LH:6
BRF:0
BRH:0
end_of_record
TN:
SF:/Users/zurda/Documents/_FAC-15/week-08/SSKM/db/db_connection.js
FNF:0
FNH:0
DA:1,1
DA:2,1
DA:3,1
DA:5,1
DA:7,1
DA:8,0
DA:11,1
DA:12,0
DA:15,1
DA:16,1
DA:18,1
DA:28,1
LF:12
LH:10
BRDA:7,1,0,0
BRDA:7,1,1,1
BRDA:11,2,0,0
BRDA:11,2,1,1
BRDA:22,3,0,1
BRDA:22,3,1,1
BRF:6
BRH:4
end_of_record
TN:
SF:/Users/zurda/Documents/_FAC-15/week-08/SSKM/src/app.js
FNF:0
FNH:0
DA:1,1
DA:2,1
DA:3,1
DA:4,1
DA:5,1
DA:6,1
DA:7,1
DA:9,1
DA:10,1
DA:11,1
DA:12,1
DA:13,1
DA:14,1
DA:25,1
DA:26,1
DA:27,1
DA:28,0
DA:30,1
DA:47,1
DA:48,1
DA:49,1
DA:50,0
DA:52,1
DA:59,1
DA:60,1
DA:63,1
DA:64,0
DA:65,0
DA:66,0
DA:67,0
DA:68,0
DA:72,0
DA:75,1
LF:33
LH:25
BRDA:27,1,0,0
BRDA:27,1,1,1
BRDA:49,2,0,0
BRDA:49,2,1,1
BRF:4
BRH:2
end_of_record
TN:
SF:/Users/zurda/Documents/_FAC-15/week-08/SSKM/src/views/helpers/index.js
FNF:0
FNH:0
LF:0
LH:0
BRF:0
BRH:0
end_of_record
TN:
SF:/Users/zurda/Documents/_FAC-15/week-08/SSKM/src/controllers/index.js
FNF:0
FNH:0
DA:1,1
LF:1
LH:1
BRF:0
BRH:0
end_of_record
TN:
SF:/Users/zurda/Documents/_FAC-15/week-08/SSKM/src/controllers/getAllData.js
FNF:0
FNH:0
DA:1,1
DA:3,1
DA:4,1
DA:5,1
DA:6,0
DA:8,1
DA:14,1
LF:7
LH:6
BRDA:5,1,0,0
BRDA:5,1,1,1
BRF:2
BRH:1
end_of_record
TN:
SF:/Users/zurda/Documents/_FAC-15/week-08/SSKM/src/controllers/getTech.js
FNF:0
FNH:0
DA:1,1
DA:3,1
DA:4,1
DA:5,1
DA:6,0
DA:8,1
DA:14,1
LF:7
LH:6
BRDA:5,1,0,0
BRDA:5,1,1,1
BRF:2
BRH:1
end_of_record
